This is pdfTeX, Version 3.14159265-2.6-1.40.21 (MiKTeX 2.9.7300 64-bit) (preloaded format=pdflatex 2020.2.12)  17 FEB 2020 12:20
entering extended mode
**./tooltip.tex
(tooltip.tex
LaTeX2e <2020-02-02> patch level 1
L3 programming layer <2020-02-08>
("D:\MiKTeX 2.9\tex/latex/koma-script\scrbook.cls"
Document Class: scrbook 2020/01/24 v3.29 KOMA-Script document class (book)
("D:\MiKTeX 2.9\tex/latex/koma-script\scrkbase.sty"
Package: scrkbase 2020/01/24 v3.29 KOMA-Script package (KOMA-Script-dependent b
asics and keyval usage)

("D:\MiKTeX 2.9\tex/latex/koma-script\scrbase.sty"
Package: scrbase 2020/01/24 v3.29 KOMA-Script package (KOMA-Script-independent 
basics and keyval usage)

("D:\MiKTeX 2.9\tex/latex/graphics\keyval.sty"
Package: keyval 2014/10/28 v1.15 key=value parser (DPC)
\KV@toks@=\toks14
)
("D:\MiKTeX 2.9\tex/latex/koma-script\scrlfile.sty"
Package: scrlfile 2020/01/24 v3.29 KOMA-Script package (loading files)
)))
("D:\MiKTeX 2.9\tex/latex/koma-script\tocbasic.sty"
Package: tocbasic 2020/01/24 v3.29 KOMA-Script package (handling toc-files)
\scr@dte@tocline@numberwidth=\skip47
\scr@dte@tocline@numbox=\box45
)
Package tocbasic Info: omitting babel extension for `toc'
(tocbasic)             because of feature `nobabel' available
(tocbasic)             for `toc' on input line 137.
Package scrbook Info: You've used standard option `12pt'.
(scrbook)             This is correct!
(scrbook)             Internally I'm using `fontsize=12pt'.
(scrbook)             If you'd like to set the option with \KOMAoptions,
(scrbook)             you'd have to use `fontsize=12pt' there
(scrbook)             instead of `12pt', too.
Class scrbook Info: File `scrsize12pt.clo' used to setup font sizes on input li
ne 2424.

("D:\MiKTeX 2.9\tex/latex/koma-script\scrsize12pt.clo"
File: scrsize12pt.clo 2020/01/24 v3.29 KOMA-Script font size class option (12pt
)
)
("D:\MiKTeX 2.9\tex/latex/koma-script\typearea.sty"
Package: typearea 2020/01/24 v3.29 KOMA-Script package (type area)
\ta@bcor=\skip48
\ta@div=\count167
\ta@hblk=\skip49
\ta@vblk=\skip50
\ta@temp=\skip51
\footheight=\skip52
Package typearea Info: With paper sizes other than (almost) `A4' predefined
(typearea)             DIV values do not exist. Using DIV calculation for good
(typearea)             line width (unless using `version=3.24` or prior).

DIV calculation for typearea with good linewidth.
Package typearea Info: Maybe no optimal type area settings!
(typearea)             The detected line width is about 46%
(typearea)             smaller than the heuristically estimated maximum
(typearea)             limit of typographical good line width.
(typearea)             You could e.g. increase DIV, decrease fontsize
(typearea)             or change the papersize.
Package typearea Info: These are the values describing the layout:
(typearea)             DIV  = 9
(typearea)             BCOR = 0.0pt
(typearea)             \paperwidth      = 298.75397pt
(typearea)              \textwidth      = 199.16931pt
(typearea)              DIV departure   = 46%
(typearea)              \evensidemargin = -5.88022pt
(typearea)              \oddsidemargin  = -39.0751pt
(typearea)             \paperheight     = 421.10083pt
(typearea)              \textheight     = 287.5pt
(typearea)              \topmargin      = -65.35602pt
(typearea)              \headheight     = 18.125pt
(typearea)              \headsep        = 21.75pt
(typearea)              \topskip        = 12.0pt
(typearea)              \footskip       = 50.75pt
(typearea)              \baselineskip   = 14.5pt
(typearea)              on input line 1719.
)
\c@part=\count168
\c@chapter=\count169
\c@section=\count170
\c@subsection=\count171
\c@subsubsection=\count172
\c@paragraph=\count173
\c@subparagraph=\count174
\scr@dte@chapter@maxnumwidth=\skip53
Class scrbook Info: using compatibility default `afterindent=bysign'
(scrbook)           for `\chapter on input line 5545.
\scr@dte@section@maxnumwidth=\skip54
Class scrbook Info: using compatibility default `runin=bysign'
(scrbook)           for `\section on input line 5555.
Class scrbook Info: using compatibility default `afterindent=bysign'
(scrbook)           for `\section on input line 5555.
\scr@dte@part@maxnumwidth=\skip55
Class scrbook Info: using compatibility default `afterindent=true'
(scrbook)           for `\part on input line 5564.
\scr@dte@subsection@maxnumwidth=\skip56
Class scrbook Info: using compatibility default `runin=bysign'
(scrbook)           for `\subsection on input line 5574.
Class scrbook Info: using compatibility default `afterindent=bysign'
(scrbook)           for `\subsection on input line 5574.
\scr@dte@subsubsection@maxnumwidth=\skip57
Class scrbook Info: using compatibility default `runin=bysign'
(scrbook)           for `\subsubsection on input line 5584.
Class scrbook Info: using compatibility default `afterindent=bysign'
(scrbook)           for `\subsubsection on input line 5584.
\scr@dte@paragraph@maxnumwidth=\skip58
Class scrbook Info: using compatibility default `runin=bysign'
(scrbook)           for `\paragraph on input line 5594.
Class scrbook Info: using compatibility default `afterindent=bysign'
(scrbook)           for `\paragraph on input line 5594.
\scr@dte@subparagraph@maxnumwidth=\skip59
Class scrbook Info: using compatibility default `runin=bysign'
(scrbook)           for `\subparagraph on input line 5604.
Class scrbook Info: using compatibility default `afterindent=bysign'
(scrbook)           for `\subparagraph on input line 5604.
\abovecaptionskip=\skip60
\belowcaptionskip=\skip61
\c@pti@nb@sid@b@x=\box46
Package tocbasic Info: omitting babel extension for `lof'
(tocbasic)             because of feature `nobabel' available
(tocbasic)             for `lof' on input line 6846.
\scr@dte@figure@maxnumwidth=\skip62
\c@figure=\count175
Package tocbasic Info: omitting babel extension for `lot'
(tocbasic)             because of feature `nobabel' available
(tocbasic)             for `lot' on input line 6867.
\scr@dte@table@maxnumwidth=\skip63
\c@table=\count176
Class scrbook Info: Redefining `\numberline' on input line 7040.
\bibindent=\dimen134
) ("D:\MiKTeX 2.9\tex/latex/media9\pdfbase.sty"
("D:\MiKTeX 2.9\tex/latex/l3kernel\expl3.sty"
Package: expl3 2020-02-08 L3 programming layer (loader) 

("D:\MiKTeX 2.9\tex/latex/l3backend\l3backend-pdfmode.def"
File: l3backend-pdfmode.def 2020-02-03 L3 backend support: PDF mode
\l__kernel_color_stack_int=\count177
\l__pdf_internal_box=\box47
))
("D:\MiKTeX 2.9\tex/latex/l3packages/l3keys2e\l3keys2e.sty"
Package: l3keys2e 2020-02-08 LaTeX2e option processing using LaTeX3 keys
)
Package: pdfbase 2020/01/27 v0.36 driver independent access to low-level PDF fe
atures
\g_pbs_page_int=\count178
\g_pbs_oc_int=\count179

("D:\MiKTeX 2.9\tex/generic/atbegshi\atbegshi.sty"
Package: atbegshi 2019/12/05 v1.19 At begin shipout hook (HO)

("D:\MiKTeX 2.9\tex/generic/infwarerr\infwarerr.sty"
Package: infwarerr 2019/12/03 v1.5 Providing info/warning/error messages (HO)
)
("D:\MiKTeX 2.9\tex/generic/ltxcmds\ltxcmds.sty"
Package: ltxcmds 2019/12/15 v1.24 LaTeX kernel commands for general use (HO)
)
("D:\MiKTeX 2.9\tex/generic/iftex\iftex.sty"
Package: iftex 2019/11/07 v1.0c TeX engine tests
)))
("D:\MiKTeX 2.9\tex/latex/l3packages/xparse\xparse.sty"
Package: xparse 2020-02-08 L3 Experimental document command parser
\l__xparse_current_arg_int=\count180
\g__xparse_grabber_int=\count181
\l__xparse_m_args_int=\count182
\l__xparse_v_nesting_int=\count183
)
("D:\MiKTeX 2.9\tex/latex/ocgx2\ocgbase.sty"
Package: ocgbase 2019/11/04 v0.17 support package for ocgx2.sty
\g_ocgbase_nd_int=\count184
)
("D:\MiKTeX 2.9\tex/latex/xcolor\xcolor.sty"
Package: xcolor 2016/05/11 v2.12 LaTeX color extensions (UK)

("D:\MiKTeX 2.9\tex/latex/graphics-cfg\color.cfg"
File: color.cfg 2016/01/02 v1.6 sample color configuration
)
Package xcolor Info: Driver file: pdftex.def on input line 225.

("D:\MiKTeX 2.9\tex/latex/graphics-def\pdftex.def"
File: pdftex.def 2018/01/08 v1.0l Graphics/color driver for pdftex
)
Package xcolor Info: Model `cmy' substituted by `cmy0' on input line 1348.
Package xcolor Info: Model `hsb' substituted by `rgb' on input line 1352.
Package xcolor Info: Model `RGB' extended on input line 1364.
Package xcolor Info: Model `HTML' substituted by `rgb' on input line 1366.
Package xcolor Info: Model `Hsb' substituted by `hsb' on input line 1367.
Package xcolor Info: Model `tHsb' substituted by `hsb' on input line 1368.
Package xcolor Info: Model `HSB' substituted by `hsb' on input line 1369.
Package xcolor Info: Model `Gray' substituted by `gray' on input line 1370.
Package xcolor Info: Model `wave' substituted by `hsb' on input line 1371.
)
("D:\MiKTeX 2.9\tex/latex/tools\calc.sty"
Package: calc 2017/05/25 v4.3 Infix arithmetic (KKT,FJ)
\calc@Acount=\count185
\calc@Bcount=\count186
\calc@Adimen=\dimen135
\calc@Bdimen=\dimen136
\calc@Askip=\skip64
\calc@Bskip=\skip65
LaTeX Info: Redefining \setlength on input line 80.
LaTeX Info: Redefining \addtolength on input line 81.
\calc@Ccount=\count187
\calc@Cskip=\skip66
)
("D:\MiKTeX 2.9\tex/latex/tikzpagenodes\tikzpagenodes.sty"
Package: tikzpagenodes 2012/09/16 v1.1 Special PGF/TikZ nodes for areas of the 
page

("D:\MiKTeX 2.9\tex/latex/pgf/frontendlayer\tikz.sty"
("D:\MiKTeX 2.9\tex/latex/pgf/basiclayer\pgf.sty"
("D:\MiKTeX 2.9\tex/latex/pgf/utilities\pgfrcs.sty"
("D:\MiKTeX 2.9\tex/generic/pgf/utilities\pgfutil-common.tex"
\pgfutil@everybye=\toks15
\pgfutil@tempdima=\dimen137
\pgfutil@tempdimb=\dimen138

("D:\MiKTeX 2.9\tex/generic/pgf/utilities\pgfutil-common-lists.tex"))
("D:\MiKTeX 2.9\tex/generic/pgf/utilities\pgfutil-latex.def"
\pgfutil@abb=\box48

("D:\MiKTeX 2.9\tex/latex/ms\everyshi.sty"
Package: everyshi 2001/05/15 v3.00 EveryShipout Package (MS)
))
("D:\MiKTeX 2.9\tex/generic/pgf/utilities\pgfrcs.code.tex"
("D:\MiKTeX 2.9\tex/generic/pgf\pgf.revision.tex")
Package: pgfrcs 2020/01/08 v3.1.5b (3.1.5b)
))
Package: pgf 2020/01/08 v3.1.5b (3.1.5b)

("D:\MiKTeX 2.9\tex/latex/pgf/basiclayer\pgfcore.sty"
("D:\MiKTeX 2.9\tex/latex/graphics\graphicx.sty"
Package: graphicx 2019/11/30 v1.2a Enhanced LaTeX Graphics (DPC,SPQR)

("D:\MiKTeX 2.9\tex/latex/graphics\graphics.sty"
Package: graphics 2019/11/30 v1.4a Standard LaTeX Graphics (DPC,SPQR)

("D:\MiKTeX 2.9\tex/latex/graphics\trig.sty"
Package: trig 2016/01/03 v1.10 sin cos tan (DPC)
)
("D:\MiKTeX 2.9\tex/latex/graphics-cfg\graphics.cfg"
File: graphics.cfg 2016/06/04 v1.11 sample graphics configuration
)
Package graphics Info: Driver file: pdftex.def on input line 105.
)
\Gin@req@height=\dimen139
\Gin@req@width=\dimen140
)
("D:\MiKTeX 2.9\tex/latex/pgf/systemlayer\pgfsys.sty"
("D:\MiKTeX 2.9\tex/generic/pgf/systemlayer\pgfsys.code.tex"
Package: pgfsys 2020/01/08 v3.1.5b (3.1.5b)

("D:\MiKTeX 2.9\tex/generic/pgf/utilities\pgfkeys.code.tex"
\pgfkeys@pathtoks=\toks16
\pgfkeys@temptoks=\toks17

("D:\MiKTeX 2.9\tex/generic/pgf/utilities\pgfkeysfiltered.code.tex"
\pgfkeys@tmptoks=\toks18
))
\pgf@x=\dimen141
\pgf@y=\dimen142
\pgf@xa=\dimen143
\pgf@ya=\dimen144
\pgf@xb=\dimen145
\pgf@yb=\dimen146
\pgf@xc=\dimen147
\pgf@yc=\dimen148
\pgf@xd=\dimen149
\pgf@yd=\dimen150
\w@pgf@writea=\write3
\r@pgf@reada=\read2
\c@pgf@counta=\count188
\c@pgf@countb=\count189
\c@pgf@countc=\count190
\c@pgf@countd=\count191
\t@pgf@toka=\toks19
\t@pgf@tokb=\toks20
\t@pgf@tokc=\toks21
\pgf@sys@id@count=\count192

("D:\MiKTeX 2.9\tex/generic/pgf/systemlayer\pgf.cfg"
File: pgf.cfg 2020/01/08 v3.1.5b (3.1.5b)
)
Driver file for pgf: pgfsys-pdftex.def

("D:\MiKTeX 2.9\tex/generic/pgf/systemlayer\pgfsys-pdftex.def"
File: pgfsys-pdftex.def 2020/01/08 v3.1.5b (3.1.5b)

("D:\MiKTeX 2.9\tex/generic/pgf/systemlayer\pgfsys-common-pdf.def"
File: pgfsys-common-pdf.def 2020/01/08 v3.1.5b (3.1.5b)
)))
("D:\MiKTeX 2.9\tex/generic/pgf/systemlayer\pgfsyssoftpath.code.tex"
File: pgfsyssoftpath.code.tex 2020/01/08 v3.1.5b (3.1.5b)
\pgfsyssoftpath@smallbuffer@items=\count193
\pgfsyssoftpath@bigbuffer@items=\count194
)
("D:\MiKTeX 2.9\tex/generic/pgf/systemlayer\pgfsysprotocol.code.tex"
File: pgfsysprotocol.code.tex 2020/01/08 v3.1.5b (3.1.5b)
))
("D:\MiKTeX 2.9\tex/generic/pgf/basiclayer\pgfcore.code.tex"
Package: pgfcore 2020/01/08 v3.1.5b (3.1.5b)

("D:\MiKTeX 2.9\tex/generic/pgf/math\pgfmath.code.tex"
("D:\MiKTeX 2.9\tex/generic/pgf/math\pgfmathcalc.code.tex"
("D:\MiKTeX 2.9\tex/generic/pgf/math\pgfmathutil.code.tex")
("D:\MiKTeX 2.9\tex/generic/pgf/math\pgfmathparser.code.tex"
\pgfmath@dimen=\dimen151
\pgfmath@count=\count195
\pgfmath@box=\box49
\pgfmath@toks=\toks22
\pgfmath@stack@operand=\toks23
\pgfmath@stack@operation=\toks24
)
("D:\MiKTeX 2.9\tex/generic/pgf/math\pgfmathfunctions.code.tex"
("D:\MiKTeX 2.9\tex/generic/pgf/math\pgfmathfunctions.basic.code.tex")
("D:\MiKTeX 2.9\tex/generic/pgf/math\pgfmathfunctions.trigonometric.code.tex")
("D:\MiKTeX 2.9\tex/generic/pgf/math\pgfmathfunctions.random.code.tex")
("D:\MiKTeX 2.9\tex/generic/pgf/math\pgfmathfunctions.comparison.code.tex")
("D:\MiKTeX 2.9\tex/generic/pgf/math\pgfmathfunctions.base.code.tex")
("D:\MiKTeX 2.9\tex/generic/pgf/math\pgfmathfunctions.round.code.tex")
("D:\MiKTeX 2.9\tex/generic/pgf/math\pgfmathfunctions.misc.code.tex")
("D:\MiKTeX 2.9\tex/generic/pgf/math\pgfmathfunctions.integerarithmetics.code.t
ex"))) ("D:\MiKTeX 2.9\tex/generic/pgf/math\pgfmathfloat.code.tex"
\c@pgfmathroundto@lastzeros=\count196
))
("D:\MiKTeX 2.9\tex/generic/pgf/math\pgfint.code.tex")
("D:\MiKTeX 2.9\tex/generic/pgf/basiclayer\pgfcorepoints.code.tex"
File: pgfcorepoints.code.tex 2020/01/08 v3.1.5b (3.1.5b)
\pgf@picminx=\dimen152
\pgf@picmaxx=\dimen153
\pgf@picminy=\dimen154
\pgf@picmaxy=\dimen155
\pgf@pathminx=\dimen156
\pgf@pathmaxx=\dimen157
\pgf@pathminy=\dimen158
\pgf@pathmaxy=\dimen159
\pgf@xx=\dimen160
\pgf@xy=\dimen161
\pgf@yx=\dimen162
\pgf@yy=\dimen163
\pgf@zx=\dimen164
\pgf@zy=\dimen165
)
("D:\MiKTeX 2.9\tex/generic/pgf/basiclayer\pgfcorepathconstruct.code.tex"
File: pgfcorepathconstruct.code.tex 2020/01/08 v3.1.5b (3.1.5b)
\pgf@path@lastx=\dimen166
\pgf@path@lasty=\dimen167
)
("D:\MiKTeX 2.9\tex/generic/pgf/basiclayer\pgfcorepathusage.code.tex"
File: pgfcorepathusage.code.tex 2020/01/08 v3.1.5b (3.1.5b)
\pgf@shorten@end@additional=\dimen168
\pgf@shorten@start@additional=\dimen169
)
("D:\MiKTeX 2.9\tex/generic/pgf/basiclayer\pgfcorescopes.code.tex"
File: pgfcorescopes.code.tex 2020/01/08 v3.1.5b (3.1.5b)
\pgfpic=\box50
\pgf@hbox=\box51
\pgf@layerbox@main=\box52
\pgf@picture@serial@count=\count197
)
("D:\MiKTeX 2.9\tex/generic/pgf/basiclayer\pgfcoregraphicstate.code.tex"
File: pgfcoregraphicstate.code.tex 2020/01/08 v3.1.5b (3.1.5b)
\pgflinewidth=\dimen170
)
("D:\MiKTeX 2.9\tex/generic/pgf/basiclayer\pgfcoretransformations.code.tex"
File: pgfcoretransformations.code.tex 2020/01/08 v3.1.5b (3.1.5b)
\pgf@pt@x=\dimen171
\pgf@pt@y=\dimen172
\pgf@pt@temp=\dimen173
)
("D:\MiKTeX 2.9\tex/generic/pgf/basiclayer\pgfcorequick.code.tex"
File: pgfcorequick.code.tex 2020/01/08 v3.1.5b (3.1.5b)
)
("D:\MiKTeX 2.9\tex/generic/pgf/basiclayer\pgfcoreobjects.code.tex"
File: pgfcoreobjects.code.tex 2020/01/08 v3.1.5b (3.1.5b)
)
("D:\MiKTeX 2.9\tex/generic/pgf/basiclayer\pgfcorepathprocessing.code.tex"
File: pgfcorepathprocessing.code.tex 2020/01/08 v3.1.5b (3.1.5b)
)
("D:\MiKTeX 2.9\tex/generic/pgf/basiclayer\pgfcorearrows.code.tex"
File: pgfcorearrows.code.tex 2020/01/08 v3.1.5b (3.1.5b)
\pgfarrowsep=\dimen174
)
("D:\MiKTeX 2.9\tex/generic/pgf/basiclayer\pgfcoreshade.code.tex"
File: pgfcoreshade.code.tex 2020/01/08 v3.1.5b (3.1.5b)
\pgf@max=\dimen175
\pgf@sys@shading@range@num=\count198
\pgf@shadingcount=\count199
)
("D:\MiKTeX 2.9\tex/generic/pgf/basiclayer\pgfcoreimage.code.tex"
File: pgfcoreimage.code.tex 2020/01/08 v3.1.5b (3.1.5b)

("D:\MiKTeX 2.9\tex/generic/pgf/basiclayer\pgfcoreexternal.code.tex"
File: pgfcoreexternal.code.tex 2020/01/08 v3.1.5b (3.1.5b)
\pgfexternal@startupbox=\box53
))
("D:\MiKTeX 2.9\tex/generic/pgf/basiclayer\pgfcorelayers.code.tex"
File: pgfcorelayers.code.tex 2020/01/08 v3.1.5b (3.1.5b)
)
("D:\MiKTeX 2.9\tex/generic/pgf/basiclayer\pgfcoretransparency.code.tex"
File: pgfcoretransparency.code.tex 2020/01/08 v3.1.5b (3.1.5b)
)
("D:\MiKTeX 2.9\tex/generic/pgf/basiclayer\pgfcorepatterns.code.tex"
File: pgfcorepatterns.code.tex 2020/01/08 v3.1.5b (3.1.5b)
)
("D:\MiKTeX 2.9\tex/generic/pgf/basiclayer\pgfcorerdf.code.tex"
File: pgfcorerdf.code.tex 2020/01/08 v3.1.5b (3.1.5b)
)))
("D:\MiKTeX 2.9\tex/generic/pgf/modules\pgfmoduleshapes.code.tex"
File: pgfmoduleshapes.code.tex 2020/01/08 v3.1.5b (3.1.5b)
\pgfnodeparttextbox=\box54
)
("D:\MiKTeX 2.9\tex/generic/pgf/modules\pgfmoduleplot.code.tex"
File: pgfmoduleplot.code.tex 2020/01/08 v3.1.5b (3.1.5b)
)
("D:\MiKTeX 2.9\tex/latex/pgf/compatibility\pgfcomp-version-0-65.sty"
Package: pgfcomp-version-0-65 2020/01/08 v3.1.5b (3.1.5b)
\pgf@nodesepstart=\dimen176
\pgf@nodesepend=\dimen177
)
("D:\MiKTeX 2.9\tex/latex/pgf/compatibility\pgfcomp-version-1-18.sty"
Package: pgfcomp-version-1-18 2020/01/08 v3.1.5b (3.1.5b)
))
("D:\MiKTeX 2.9\tex/latex/pgf/utilities\pgffor.sty"
("D:\MiKTeX 2.9\tex/latex/pgf/utilities\pgfkeys.sty"
("D:\MiKTeX 2.9\tex/generic/pgf/utilities\pgfkeys.code.tex"))
("D:\MiKTeX 2.9\tex/latex/pgf/math\pgfmath.sty"
("D:\MiKTeX 2.9\tex/generic/pgf/math\pgfmath.code.tex"))
("D:\MiKTeX 2.9\tex/generic/pgf/utilities\pgffor.code.tex"
Package: pgffor 2020/01/08 v3.1.5b (3.1.5b)

("D:\MiKTeX 2.9\tex/generic/pgf/math\pgfmath.code.tex")
\pgffor@iter=\dimen178
\pgffor@skip=\dimen179
\pgffor@stack=\toks25
\pgffor@toks=\toks26
))
("D:\MiKTeX 2.9\tex/generic/pgf/frontendlayer/tikz\tikz.code.tex"
Package: tikz 2020/01/08 v3.1.5b (3.1.5b)

("D:\MiKTeX 2.9\tex/generic/pgf/libraries\pgflibraryplothandlers.code.tex"
File: pgflibraryplothandlers.code.tex 2020/01/08 v3.1.5b (3.1.5b)
\pgf@plot@mark@count=\count266
\pgfplotmarksize=\dimen180
)
\tikz@lastx=\dimen181
\tikz@lasty=\dimen182
\tikz@lastxsaved=\dimen183
\tikz@lastysaved=\dimen184
\tikz@lastmovetox=\dimen185
\tikz@lastmovetoy=\dimen186
\tikzleveldistance=\dimen187
\tikzsiblingdistance=\dimen188
\tikz@figbox=\box55
\tikz@figbox@bg=\box56
\tikz@tempbox=\box57
\tikz@tempbox@bg=\box58
\tikztreelevel=\count267
\tikznumberofchildren=\count268
\tikznumberofcurrentchild=\count269
\tikz@fig@count=\count270

("D:\MiKTeX 2.9\tex/generic/pgf/modules\pgfmodulematrix.code.tex"
File: pgfmodulematrix.code.tex 2020/01/08 v3.1.5b (3.1.5b)
\pgfmatrixcurrentrow=\count271
\pgfmatrixcurrentcolumn=\count272
\pgf@matrix@numberofcolumns=\count273
)
\tikz@expandcount=\count274

("D:\MiKTeX 2.9\tex/generic/pgf/frontendlayer/tikz/libraries\tikzlibrarytopaths
.code.tex"
File: tikzlibrarytopaths.code.tex 2020/01/08 v3.1.5b (3.1.5b)
))) ("D:\MiKTeX 2.9\tex/latex/ifoddpage\ifoddpage.sty"
Package: ifoddpage 2016/04/23 v1.1 Conditionals for odd/even page detection
\c@checkoddpage=\count275
))
("D:\MiKTeX 2.9\tex/latex/linegoal\linegoal.sty"
Package: linegoal 2011/02/25 v2.9 - Measuring the remaining width of the line

("D:\MiKTeX 2.9\tex/latex/etex-pkg\etex.sty"
Package: etex 2016/08/01 v2.7 eTeX basic definition package (PEB,DPC)


Package etex Warning: Extended allocation already in use.
(etex)                etex.sty code will not be used.
(etex)                To force etex package to load, add
(etex)                \RequirePackage{etex}
(etex)                at the start of the document.

) ("D:\MiKTeX 2.9\tex/latex/zref\zref.sty"
Package: zref 2019/11/29 v2.28 A new reference scheme for LaTeX (HO)

("D:\MiKTeX 2.9\tex/latex/zref\zref-base.sty"
Package: zref-base 2019/11/29 v2.28 Module base for zref (HO)

("D:\MiKTeX 2.9\tex/generic/kvsetkeys\kvsetkeys.sty"
Package: kvsetkeys 2019/12/15 v1.18 Key value parser (HO)
)
("D:\MiKTeX 2.9\tex/generic/kvdefinekeys\kvdefinekeys.sty"
Package: kvdefinekeys 2019-12-19 v1.6 Define keys (HO)
)
("D:\MiKTeX 2.9\tex/latex/pdftexcmds\pdftexcmds.sty"
Package: pdftexcmds 2019/11/24 v0.31 Utility functions of pdfTeX for LuaTeX (HO
)
Package pdftexcmds Info: \pdf@primitive is available.
Package pdftexcmds Info: \pdf@ifprimitive is available.
Package pdftexcmds Info: \pdfdraftmode found.
)
("D:\MiKTeX 2.9\tex/generic/etexcmds\etexcmds.sty"
Package: etexcmds 2019/12/15 v1.7 Avoid name clashes with e-TeX commands (HO)
)
("D:\MiKTeX 2.9\tex/latex/auxhook\auxhook.sty"
Package: auxhook 2019-12-17 v1.6 Hooks for auxiliary files (HO)
)
Package zref Info: New property list: main on input line 763.
Package zref Info: New property: default on input line 764.
Package zref Info: New property: page on input line 765.
))
("D:\MiKTeX 2.9\tex/latex/zref\zref-savepos.sty"
Package: zref-savepos 2019/11/29 v2.28 Module savepos for zref (HO)

("D:\MiKTeX 2.9\tex/generic/iftex\ifpdf.sty"
Package: ifpdf 2019/10/25 v3.4 ifpdf legacy package. Use iftex instead.
)
Package zref Info: New property list: savepos on input line 84.
Package zref Info: New property: posx on input line 85.
Package zref Info: New property: posy on input line 86.
)
Package zref Info: New property: linegoal on input line 39.
\LNGL@unique=\count276
\LNGL@tempdim=\dimen189
)
("D:\MiKTeX 2.9\tex/generic/pgf/frontendlayer/tikz/libraries\tikzlibrarycalc.co
de.tex"
File: tikzlibrarycalc.code.tex 2020/01/08 v3.1.5b (3.1.5b)
) ("D:\MiKTeX 2.9\tex/latex/tcolorbox\tcolorbox.sty"
Package: tcolorbox 2019/11/15 version 4.22 text color boxes

("D:\MiKTeX 2.9\tex/latex/tools\verbatim.sty"
Package: verbatim 2019/11/10 v1.5r LaTeX2e package for verbatim enhancements
\every@verbatim=\toks27
\verbatim@line=\toks28
\verbatim@in@stream=\read3
)
("D:\MiKTeX 2.9\tex/latex/environ\environ.sty"
Package: environ 2014/05/04 v0.3 A new way to define environments

("D:\MiKTeX 2.9\tex/latex/trimspaces\trimspaces.sty"
Package: trimspaces 2009/09/17 v1.1 Trim spaces around a token list
)
\@envbody=\toks29
)
("D:\MiKTeX 2.9\tex/latex/etoolbox\etoolbox.sty"
Package: etoolbox 2019/09/21 v2.5h e-TeX tools for LaTeX (JAW)
\etb@tempcnta=\count277
)
\tcb@titlebox=\box59
\tcb@upperbox=\box60
\tcb@lowerbox=\box61
\tcb@phantombox=\box62
\c@tcbbreakpart=\count278
\c@tcblayer=\count279
\tcolorbox@number=\count280
\tcb@temp=\box63
\tcb@temp=\box64
\tcb@temp=\box65
\tcb@temp=\box66
\tcb@out=\write4
\tcb@record@out=\write5
)
\tiptext=\box67
\c@tcnt=\count281
\whatsleft=\skip67
\tipshift=\skip68

No file tooltip.aux.
\openout1 = `tooltip.aux'.

LaTeX Font Info:    Checking defaults for OML/cmm/m/it on input line 184.
LaTeX Font Info:    ... okay on input line 184.
LaTeX Font Info:    Checking defaults for OMS/cmsy/m/n on input line 184.
LaTeX Font Info:    ... okay on input line 184.
LaTeX Font Info:    Checking defaults for OT1/cmr/m/n on input line 184.
LaTeX Font Info:    ... okay on input line 184.
LaTeX Font Info:    Checking defaults for T1/cmr/m/n on input line 184.
LaTeX Font Info:    ... okay on input line 184.
LaTeX Font Info:    Checking defaults for TS1/cmr/m/n on input line 184.
LaTeX Font Info:    ... okay on input line 184.
LaTeX Font Info:    Checking defaults for OMX/cmex/m/n on input line 184.
LaTeX Font Info:    ... okay on input line 184.
LaTeX Font Info:    Checking defaults for U/cmr/m/n on input line 184.
LaTeX Font Info:    ... okay on input line 184.
Package scrbase Info: activating english \contentsname on input line 184.
Package scrbase Info: activating english \listfigurename on input line 184.
Package scrbase Info: activating english \listtablename on input line 184.
\AtBeginShipoutBox=\box68
("D:\MiKTeX 2.9\tex/context/base/mkii\supp-pdf.mkii"
[Loading MPS to PDF converter (version 2006.09.02).]
\scratchcounter=\count282
\scratchdimen=\dimen190
\scratchbox=\box69
\nofMPsegments=\count283
\nofMParguments=\count284
\everyMPshowfont=\toks30
\MPscratchCnt=\count285
\MPscratchDim=\dimen191
\MPnumerator=\count286
\makeMPintoPDFobject=\count287
\everyMPtoPDFconversion=\toks31
) ("D:\MiKTeX 2.9\tex/latex/epstopdf-pkg\epstopdf-base.sty"
Package: epstopdf-base 2020-01-24 v2.11 Base part for package epstopdf
Package epstopdf-base Info: Redefining graphics rule for `.eps' on input line 4
85.
)
ABD: EveryShipout initializing macros
LaTeX Font Info:    External font `cmex10' loaded for size
(Font)              <12> on input line 185.
LaTeX Font Info:    External font `cmex10' loaded for size
(Font)              <8> on input line 185.
LaTeX Font Info:    External font `cmex10' loaded for size
(Font)              <6> on input line 185.


LaTeX Warning: Reference `linegoal.0' on page 1 undefined on input line 185.


Package linegoal Warning: \linegoal value on page 1 has changed 
(linegoal)                since last run. Please rerun to get 
(linegoal)                the correct value on input line 185.


LaTeX Warning: Reference `linegoal.1' on page 1 undefined on input line 186.


Package linegoal Warning: \linegoal value on page 1 has changed 
(linegoal)                since last run. Please rerun to get 
(linegoal)                the correct value on input line 186.


Overfull \hbox (0.49622pt too wide) in paragraph at lines 185--187
[]\OT1/cmr/m/n/12 Einstein's [][]for-mula[][][][][][] is well known. An-
 []


Overfull \hbox (2.17583pt too wide) in paragraph at lines 185--187
\OT1/cmr/m/n/12 other fa-mous for-mula is due to [][]Pythago-
 []

{C:/Users/EvilS/AppData/Local/MiKTeX/2.9/pdftex/config/pdftex.map} [1

]
(tooltip.aux

Package pdfbase Warning: Rerun to get internal references right!

)

LaTeX Warning: There were undefined references.


LaTeX Warning: Label(s) may have changed. Rerun to get cross-references right.

 ) 
Here is how much of TeX's memory you used:
 17741 strings out of 481565
 374792 string characters out of 2930434
 705325 words of memory out of 3000000
 32680 multiletter control sequences out of 15000+200000
 535426 words of font info for 34 fonts, out of 3000000 for 9000
 1141 hyphenation exceptions out of 8191
 73i,8n,90p,10104b,498s stack positions out of 5000i,500n,10000p,200000b,50000s
<D:/MiKTeX 2.9/fonts/type1/public/amsfonts/cm/cmmi12.pfb><D:/MiKTeX 2.9/fonts
/type1/public/amsfonts/cm/cmr12.pfb><D:/MiKTeX 2.9/fonts/type1/public/amsfonts/
cm/cmr8.pfb>
Output written on tooltip.pdf (1 page, 36076 bytes).
PDF statistics:
 31 PDF objects out of 1000 (max. 8388607)
 0 named destinations out of 1000 (max. 500000)
 27 words of extra memory for PDF output out of 10000 (max. 10000000)

